Script started at Tue Sep  3 12:12:09 AM IST 2024
Installing and configuring LightDM with KDE Plasma...
warning: Signature not supported. Hash algorithm SHA1 not available.
Last metadata expiration check: 0:10:53 ago on Tue 03 Sep 2024 12:01:17 AM IST.
Package lightdm-1.30.0-19.el9.x86_64 is already installed.
Package lightdm-gtk-2.0.8-4.el9.x86_64 is already installed.
Dependencies resolved.
Nothing to do.
Complete!
LightDM installed and set as the default display manager.
Installing KDE development tools...
warning: Signature not supported. Hash algorithm SHA1 not available.
Last metadata expiration check: 0:10:54 ago on Tue 03 Sep 2024 12:01:17 AM IST.
Package kdevelop-9:23.08.5-1.el9.x86_64 is already installed.
Package kate-23.08.5-1.el9.x86_64 is already installed.
Package konsole5-23.08.5-1.el9.x86_64 is already installed.
Package git-2.43.5-1.el9_4.x86_64 is already installed.
Package cmake-3.26.5-2.el9.x86_64 is already installed.
Package gdb-10.2-13.el9.x86_64 is already installed.
Package valgrind-1:3.22.0-2.el9.x86_64 is already installed.
Dependencies resolved.
Nothing to do.
Complete!
KDE development tools installed successfully.
Configuring KDE Plasma desktop effects and customizations...
KDE Plasma desktop effects enabled.
Installing Flatpak and setting up development environment...
warning: Signature not supported. Hash algorithm SHA1 not available.
Last metadata expiration check: 0:10:54 ago on Tue 03 Sep 2024 12:01:17 AM IST.
Package flatpak-1.12.9-1.el9_4.x86_64 is already installed.
Dependencies resolved.
Nothing to do.
Complete!
Flatpak and Flathub repository set up successfully.
