Script started at Mon Sep  2 10:58:09 PM IST 2024
Starting system update...
warning: Signature not supported. Hash algorithm SHA1 not available.
Last metadata expiration check: 1:00:18 ago on Mon 02 Sep 2024 09:57:52 PM IST.
Dependencies resolved.
Nothing to do.
Complete!
System update completed successfully.
Configuring DNF...
Configuring YUM...
Enabling EPEL and PowerTools repositories...
warning: Signature not supported. Hash algorithm SHA1 not available.
Last metadata expiration check: 1:00:19 ago on Mon 02 Sep 2024 09:57:52 PM IST.
Package epel-release-9-7.el9.noarch is already installed.
Dependencies resolved.
Nothing to do.
Complete!
warning: Signature not supported. Hash algorithm SHA1 not available.
Repositories enabled successfully.
Configuring the firewall...
Warning: ALREADY_ENABLED: ssh
success
success
Firewall configured successfully.
Installing SELinux management tools...
warning: Signature not supported. Hash algorithm SHA1 not available.
Rocky Linux 9 - BaseOS                          1.7 kB/s | 4.1 kB     00:02    
Rocky Linux 9 - AppStream                       2.4 kB/s | 4.5 kB     00:01    
Rocky Linux 9 - CRB                             3.4 kB/s | 4.5 kB     00:01    
Package policycoreutils-python-utils-3.6-2.1.el9.noarch is already installed.
Dependencies resolved.
Nothing to do.
Complete!
SELinux tools installed successfully.
Configuring automatic security updates...
warning: Signature not supported. Hash algorithm SHA1 not available.
Last metadata expiration check: 0:00:01 ago on Mon 02 Sep 2024 10:58:18 PM IST.
Package dnf-automatic-4.14.0-9.el9.noarch is already installed.
Dependencies resolved.
Nothing to do.
Complete!
Automatic security updates configured successfully.
Installing EPEL and RPM Fusion repositories...
warning: Signature not supported. Hash algorithm SHA1 not available.
Last metadata expiration check: 0:00:02 ago on Mon 02 Sep 2024 10:58:18 PM IST.
epel-release-latest-9.noarch.rpm                8.7 kB/s |  19 kB     00:02    
Package epel-release-9-7.el9.noarch is already installed.
Dependencies resolved.
Nothing to do.
Complete!
warning: Signature not supported. Hash algorithm SHA1 not available.
Last metadata expiration check: 0:00:05 ago on Mon 02 Sep 2024 10:58:18 PM IST.
rpmfusion-free-release-9.noarch.rpm             2.1 kB/s |  10 kB     00:04    
rpmfusion-nonfree-release-9.noarch.rpm          3.4 kB/s |  10 kB     00:03    
Package rpmfusion-free-release-9-1.noarch is already installed.
Package rpmfusion-nonfree-release-9-1.noarch is already installed.
Dependencies resolved.
Nothing to do.
Complete!
Repositories installed successfully.
Disabling SSH service...
Unit /etc/systemd/system/sshd.service is masked, ignoring.
The unit files have no installation config (WantedBy=, RequiredBy=, Also=,
Alias= settings in the [Install] section, and DefaultInstance= for template
units). This means they are not meant to be enabled or disabled using systemctl.
 
Possible reasons for having this kind of units are:
• A unit may be statically enabled by being symlinked from another unit's
  .wants/ or .requires/ directory.
• A unit's purpose may be to act as a helper for some other unit which has
  a requirement dependency on it.
• A unit may be started when needed via activation (socket, path, timer,
  D-Bus, udev, scripted systemctl call, ...).
• In case of template units, the unit is meant to be enabled with some
  instance name specified.
SSH service disabled successfully.
Disabling IPv6...
IPv6 is already disabled.
Optimizing system performance...
warning: Signature not supported. Hash algorithm SHA1 not available.
Last metadata expiration check: 0:00:15 ago on Mon 02 Sep 2024 10:58:18 PM IST.
Dependencies resolved.
================================================================================
 Package                  Arch       Version                   Repository  Size
================================================================================
Installing:
 tuned                    noarch     2.22.1-1.el9              baseos     323 k
Installing dependencies:
 hdparm                   x86_64     9.62-2.el9                baseos      95 k
 libtraceevent            x86_64     1.5.3-3.el9               baseos     213 k
 python3-linux-procfs     noarch     0.7.3-1.el9               baseos      30 k
 python3-perf             x86_64     5.14.0-427.33.1.el9_4     baseos     4.8 M
 python3-pyudev           noarch     0.22.0-6.el9              baseos      76 k
 virt-what                x86_64     1.25-5.el9                baseos      33 k

Transaction Summary
================================================================================
Install  7 Packages

Total download size: 5.6 M
Installed size: 3.2 M
Downloading Packages:
(1/7): python3-pyudev-0.22.0-6.el9.noarch.rpm   162 kB/s |  76 kB     00:00    
(2/7): virt-what-1.25-5.el9.x86_64.rpm           60 kB/s |  33 kB     00:00    
(3/7): python3-linux-procfs-0.7.3-1.el9.noarch.  32 kB/s |  30 kB     00:00    
(4/7): hdparm-9.62-2.el9.x86_64.rpm              32 kB/s |  95 kB     00:02    
(5/7): libtraceevent-1.5.3-3.el9.x86_64.rpm      60 kB/s | 213 kB     00:03    
(6/7): tuned-2.22.1-1.el9.noarch.rpm             83 kB/s | 323 kB     00:03    
(7/7): python3-perf-5.14.0-427.33.1.el9_4.x86_6 1.1 MB/s | 4.8 MB     00:04    
--------------------------------------------------------------------------------
Total                                           1.0 MB/s | 5.6 MB     00:05     
warning: Signature not supported. Hash algorithm SHA1 not available.
warning: Signature not supported. Hash algorithm SHA1 not available.
warning: Signature not supported. Hash algorithm SHA1 not available.
warning: Signature not supported. Hash algorithm SHA1 not available.
warning: Signature not supported. Hash algorithm SHA1 not available.
warning: Signature not supported. Hash algorithm SHA1 not available.
warning: Signature not supported. Hash algorithm SHA1 not available.
Running transaction check
warning: Signature not supported. Hash algorithm SHA1 not available.
Transaction check succeeded.
Running transaction test
Transaction test succeeded.
Running transaction
  Preparing        :                                                        1/1 
  Installing       : libtraceevent-1.5.3-3.el9.x86_64                       1/7 
  Installing       : python3-perf-5.14.0-427.33.1.el9_4.x86_64              2/7 
  Installing       : hdparm-9.62-2.el9.x86_64                               3/7 
  Installing       : virt-what-1.25-5.el9.x86_64                            4/7 
  Installing       : python3-pyudev-0.22.0-6.el9.noarch                     5/7 
  Installing       : python3-linux-procfs-0.7.3-1.el9.noarch                6/7 
  Installing       : tuned-2.22.1-1.el9.noarch                              7/7 
  Running scriptlet: tuned-2.22.1-1.el9.noarch                              7/7 
Created symlink /etc/systemd/system/multi-user.target.wants/tuned.service → /usr/lib/systemd/system/tuned.service.

  Verifying        : python3-linux-procfs-0.7.3-1.el9.noarch                1/7 
  Verifying        : python3-pyudev-0.22.0-6.el9.noarch                     2/7 
  Verifying        : virt-what-1.25-5.el9.x86_64                            3/7 
  Verifying        : hdparm-9.62-2.el9.x86_64                               4/7 
  Verifying        : tuned-2.22.1-1.el9.noarch                              5/7 
  Verifying        : libtraceevent-1.5.3-3.el9.x86_64                       6/7 
  Verifying        : python3-perf-5.14.0-427.33.1.el9_4.x86_64              7/7 

Installed:
  hdparm-9.62-2.el9.x86_64                                                      
  libtraceevent-1.5.3-3.el9.x86_64                                              
  python3-linux-procfs-0.7.3-1.el9.noarch                                       
  python3-perf-5.14.0-427.33.1.el9_4.x86_64                                     
  python3-pyudev-0.22.0-6.el9.noarch                                            
  tuned-2.22.1-1.el9.noarch                                                     
  virt-what-1.25-5.el9.x86_64                                                   

Complete!
System performance optimized successfully.
Setting up auto cleanup...
0 3 * * * /usr/bin/dnf clean all
Auto cleanup set up successfully.
System RAM is 8GB or more. Swap not configured.
Installing and configuring Fail2Ban...
warning: Signature not supported. Hash algorithm SHA1 not available.
Last metadata expiration check: 0:00:25 ago on Mon 02 Sep 2024 10:58:18 PM IST.
Package fail2ban-1.0.2-12.el9.noarch is already installed.
Dependencies resolved.
Nothing to do.
Complete!
Fail2Ban installed and configured successfully.
Installing development tools...
warning: Signature not supported. Hash algorithm SHA1 not available.
Last metadata expiration check: 0:00:26 ago on Mon 02 Sep 2024 10:58:18 PM IST.
Dependencies resolved.
================================================================================
 Package           Architecture     Version             Repository         Size
================================================================================
Installing Groups:
 Development Tools                                                             

Transaction Summary
================================================================================

Complete!
Development tools installed successfully.
Cleaning up orphaned packages...
warning: Signature not supported. Hash algorithm SHA1 not available.
Last metadata expiration check: 0:00:27 ago on Mon 02 Sep 2024 10:58:18 PM IST.
Dependencies resolved.
Nothing to do.
Complete!
Orphaned packages removed successfully.
Script completed at Mon Sep  2 10:58:45 PM IST 2024
All tasks completed successfully!
